<?xml version="1.0" encoding="UTF-8"?>
<!-- Generated by org.testng.reporters.JUnitReportReporter -->
<testsuite hostname="LAPTOP-C2585A9T" failures="0" tests="6" name="day36.Grouping" time="0.013" errors="0" timestamp="2023-01-30T09:04:08 PST" skipped="0">
  <testcase classname="day36.Grouping" name="loginByEmail" time="0.006"/>
  <system-out/>
  <testcase classname="day36.Grouping" name="loginByfacebook" time="0.002"/>
  <system-out/>
  <testcase classname="day36.Grouping" name="loginBytwitter" time="0.001"/>
  <system-out/>
  <testcase classname="day36.Grouping" name="signupbyemail" time="0.001"/>
  <system-out/>
  <testcase classname="day36.Grouping" name="paymentindollar" time="0.001"/>
  <system-out/>
  <testcase classname="day36.Grouping" name="paymentinrupees" time="0.002"/>
  <system-out/>
</testsuite> <!-- day36.Grouping -->
