<?xml version="1.0" encoding="UTF-8"?>
<!-- Generated by org.testng.reporters.JUnitReportReporter -->
<testsuite hostname="LAPTOP-C2585A9T" failures="0" tests="1" name="day34.MyFirstTest" time="0.010" errors="0" timestamp="2023-01-26T10:46:17 PST" skipped="0">
  <testcase classname="day34.MyFirstTest" name="mytest" time="0.010"/>
  <system-out/>
</testsuite> <!-- day34.MyFirstTest -->
