<?xml version="1.0" encoding="UTF-8"?>
<!-- Generated by org.testng.reporters.JUnitReportReporter -->
<testsuite hostname="LAPTOP-C2585A9T" failures="0" tests="1" name="day35.AnnotationDemo" time="0.012" errors="0" timestamp="2023-01-26T16:27:32 PST" skipped="0">
  <testcase classname="day35.AnnotationDemo" name="search" time="0.012"/>
  <system-out/>
</testsuite> <!-- day35.AnnotationDemo -->
