<?xml version="1.0" encoding="UTF-8"?>
<!-- Generated by org.testng.reporters.JUnitReportReporter -->
<testsuite hostname="LAPTOP-C2585A9T" failures="0" tests="2" name="day35.pack1.Class1" time="0.013" errors="0" timestamp="2023-01-26T16:56:12 PST" skipped="0">
  <testcase classname="day35.pack1.Class1" name="abc" time="0.003"/>
  <system-out/>
  <testcase classname="day35.pack1.Class1" name="abc" time="0.010"/>
  <system-out/>
</testsuite> <!-- day35.pack1.Class1 -->
