<?xml version="1.0" encoding="UTF-8"?>
<!-- Generated by org.testng.reporters.JUnitReportReporter -->
<testsuite hostname="LAPTOP-C2585A9T" failures="0" tests="3" name="day34.SecondTest" time="12.968" errors="0" timestamp="2023-01-26T11:51:41 PST" skipped="0">
  <testcase classname="day34.SecondTest" name="OpenApp" time="10.096"/>
  <system-out/>
  <testcase classname="day34.SecondTest" name="loginApp" time="2.571"/>
  <system-out/>
  <testcase classname="day34.SecondTest" name="closeApp" time="0.301"/>
  <system-out/>
</testsuite> <!-- day34.SecondTest -->
